0 info it worked if it ends with ok
1 verbose cli [ 'node', '/Users/mcbridem/.node/bin/npm', 'update', '-g' ]
2 info using npm@2.1.14
3 info using node@v0.10.34
4 verbose node symlink /usr/local/bin/node
5 silly mapToRegistry name bower
6 silly mapToRegistry using default registry
7 silly mapToRegistry registry https://registry.npmjs.org/
8 silly mapToRegistry uri https://registry.npmjs.org/bower
9 silly mapToRegistry name generator-angular
10 silly mapToRegistry using default registry
11 silly mapToRegistry registry https://registry.npmjs.org/
12 silly mapToRegistry uri https://registry.npmjs.org/generator-angular
13 silly mapToRegistry name generator-karma
14 silly mapToRegistry using default registry
15 silly mapToRegistry registry https://registry.npmjs.org/
16 silly mapToRegistry uri https://registry.npmjs.org/generator-karma
17 silly mapToRegistry name grunt-cli
18 silly mapToRegistry using default registry
19 silly mapToRegistry registry https://registry.npmjs.org/
20 silly mapToRegistry uri https://registry.npmjs.org/grunt-cli
21 silly mapToRegistry name gulp
22 silly mapToRegistry using default registry
23 silly mapToRegistry registry https://registry.npmjs.org/
24 silly mapToRegistry uri https://registry.npmjs.org/gulp
25 silly mapToRegistry name jshint
26 silly mapToRegistry using default registry
27 silly mapToRegistry registry https://registry.npmjs.org/
28 silly mapToRegistry uri https://registry.npmjs.org/jshint
29 silly mapToRegistry name less
30 silly mapToRegistry using default registry
31 silly mapToRegistry registry https://registry.npmjs.org/
32 silly mapToRegistry uri https://registry.npmjs.org/less
33 silly mapToRegistry name nodemon
34 silly mapToRegistry using default registry
35 silly mapToRegistry registry https://registry.npmjs.org/
36 silly mapToRegistry uri https://registry.npmjs.org/nodemon
37 silly mapToRegistry name npm
38 silly mapToRegistry using default registry
39 silly mapToRegistry registry https://registry.npmjs.org/
40 silly mapToRegistry uri https://registry.npmjs.org/npm
41 silly mapToRegistry name uglify-js
42 silly mapToRegistry using default registry
43 silly mapToRegistry registry https://registry.npmjs.org/
44 silly mapToRegistry uri https://registry.npmjs.org/uglify-js
45 silly mapToRegistry name yo
46 silly mapToRegistry using default registry
47 silly mapToRegistry registry https://registry.npmjs.org/
48 silly mapToRegistry uri https://registry.npmjs.org/yo
49 silly mapToRegistry name mongod
50 silly mapToRegistry using default registry
51 silly mapToRegistry registry https://registry.npmjs.org/
52 silly mapToRegistry uri https://registry.npmjs.org/mongod
53 verbose request uri https://registry.npmjs.org/generator-karma
54 verbose request no auth needed
55 info attempt registry request try #1 at 15:20:49
56 verbose request id 7ec188192208702f
57 verbose etag "2K7YJAGTZPPJEXPADFPEXSS2V"
58 http request GET https://registry.npmjs.org/generator-karma
59 verbose request uri https://registry.npmjs.org/grunt-cli
60 verbose request no auth needed
61 info attempt registry request try #1 at 15:20:49
62 verbose etag "13BFPYT0WAPC9LE2H66EFQNCH"
63 http request GET https://registry.npmjs.org/grunt-cli
64 verbose request uri https://registry.npmjs.org/generator-angular
65 verbose request no auth needed
66 info attempt registry request try #1 at 15:20:49
67 verbose etag "3582NGS28FG5KIFHYNMHIF3I3"
68 http request GET https://registry.npmjs.org/generator-angular
69 verbose request uri https://registry.npmjs.org/bower
70 verbose request no auth needed
71 info attempt registry request try #1 at 15:20:49
72 verbose etag "AJSOHWHE2G1Y28TQ2FJ170NR7"
73 http request GET https://registry.npmjs.org/bower
74 verbose request uri https://registry.npmjs.org/jshint
75 verbose request no auth needed
76 info attempt registry request try #1 at 15:20:49
77 verbose etag "6QR61B4AADS1I3TZ57KKXK5HJ"
78 http request GET https://registry.npmjs.org/jshint
79 verbose request uri https://registry.npmjs.org/less
80 verbose request no auth needed
81 info attempt registry request try #1 at 15:20:49
82 verbose etag "FD4TEVO508H1RN9CDTUYK0OK"
83 http request GET https://registry.npmjs.org/less
84 verbose request uri https://registry.npmjs.org/nodemon
85 verbose request no auth needed
86 info attempt registry request try #1 at 15:20:49
87 verbose etag "4XKRIRS3TZU5BHAFT1D5VEHJ1"
88 http request GET https://registry.npmjs.org/nodemon
89 verbose request uri https://registry.npmjs.org/gulp
90 verbose request no auth needed
91 info attempt registry request try #1 at 15:20:49
92 verbose etag "C0PV03WWDRAI8MD2L0UVJYJB8"
93 http request GET https://registry.npmjs.org/gulp
94 verbose request uri https://registry.npmjs.org/uglify-js
95 verbose request no auth needed
96 info attempt registry request try #1 at 15:20:49
97 verbose etag "520FAI1XRTXQR94BWOUJ9LQQB"
98 http request GET https://registry.npmjs.org/uglify-js
99 verbose request uri https://registry.npmjs.org/mongod
100 verbose request no auth needed
101 info attempt registry request try #1 at 15:20:49
102 verbose etag "4HLU3VQHDW7BVYRRPSUYLJQWA"
103 http request GET https://registry.npmjs.org/mongod
104 verbose request uri https://registry.npmjs.org/npm
105 verbose request no auth needed
106 info attempt registry request try #1 at 15:20:49
107 verbose etag "8XZ4IDXESVUSS8UFWPABJMGTY"
108 http request GET https://registry.npmjs.org/npm
109 verbose request uri https://registry.npmjs.org/yo
110 verbose request no auth needed
111 info attempt registry request try #1 at 15:20:49
112 verbose etag "64GPDP2O79L4KAPW7JJBAZIM4"
113 http request GET https://registry.npmjs.org/yo
114 http 304 https://registry.npmjs.org/bower
115 silly get cb [ 304,
115 silly get   { date: 'Fri, 16 Jan 2015 21:20:49 GMT',
115 silly get     server: 'Apache',
115 silly get     via: '1.1 varnish, HTTPS/1.1 prodwsg04',
115 silly get     'last-modified': 'Fri, 16 Jan 2015 21:20:49 GMT',
115 silly get     'cache-control': 'max-age=60',
115 silly get     etag: '"AJSOHWHE2G1Y28TQ2FJ170NR7"',
115 silly get     age: '29',
115 silly get     'x-served-by': 'cache-ord1723-ORD',
115 silly get     'x-cache': 'HIT',
115 silly get     'x-cache-hits': '1',
115 silly get     'x-timer': 'S1421443249.855368,VS0,VE0',
115 silly get     vary: 'Accept',
115 silly get     'content-length': '0' } ]
116 verbose etag https://registry.npmjs.org/bower from cache
117 http 304 https://registry.npmjs.org/grunt-cli
118 silly get cb [ 304,
118 silly get   { date: 'Fri, 16 Jan 2015 21:20:49 GMT',
118 silly get     server: 'Apache',
118 silly get     via: '1.1 varnish, HTTPS/1.1 prodwsg04',
118 silly get     'last-modified': 'Fri, 16 Jan 2015 21:20:13 GMT',
118 silly get     'cache-control': 'max-age=60',
118 silly get     etag: '"13BFPYT0WAPC9LE2H66EFQNCH"',
118 silly get     age: '52',
118 silly get     'x-served-by': 'cache-ord1735-ORD',
118 silly get     'x-cache': 'HIT',
118 silly get     'x-cache-hits': '2',
118 silly get     'x-timer': 'S1421443249.875531,VS0,VE0',
118 silly get     vary: 'Accept',
118 silly get     'content-length': '0' } ]
119 verbose etag https://registry.npmjs.org/grunt-cli from cache
120 http 304 https://registry.npmjs.org/generator-angular
121 silly get cb [ 304,
121 silly get   { date: 'Fri, 16 Jan 2015 21:20:49 GMT',
121 silly get     server: 'Apache',
121 silly get     via: '1.1 varnish, HTTPS/1.1 prodwsg04',
121 silly get     'last-modified': 'Fri, 16 Jan 2015 21:20:49 GMT',
121 silly get     'cache-control': 'max-age=60',
121 silly get     etag: '"3582NGS28FG5KIFHYNMHIF3I3"',
121 silly get     age: '5',
121 silly get     'x-served-by': 'cache-ord1735-ORD',
121 silly get     'x-cache': 'HIT',
121 silly get     'x-cache-hits': '1',
121 silly get     'x-timer': 'S1421443249.938994,VS0,VE0',
121 silly get     vary: 'Accept',
121 silly get     'content-length': '0' } ]
122 verbose etag https://registry.npmjs.org/generator-angular from cache
123 http 304 https://registry.npmjs.org/less
124 silly get cb [ 304,
124 silly get   { date: 'Fri, 16 Jan 2015 21:20:49 GMT',
124 silly get     server: 'Apache',
124 silly get     via: '1.1 varnish, HTTPS/1.1 prodwsg04',
124 silly get     'last-modified': 'Fri, 16 Jan 2015 21:04:12 GMT',
124 silly get     'cache-control': 'max-age=60',
124 silly get     etag: '"FD4TEVO508H1RN9CDTUYK0OK"',
124 silly get     age: '45',
124 silly get     'x-served-by': 'cache-ord1735-ORD',
124 silly get     'x-cache': 'HIT',
124 silly get     'x-cache-hits': '67',
124 silly get     'x-timer': 'S1421443249.954283,VS0,VE0',
124 silly get     vary: 'Accept',
124 silly get     'content-length': '0' } ]
125 verbose etag https://registry.npmjs.org/less from cache
126 http 304 https://registry.npmjs.org/jshint
127 silly get cb [ 304,
127 silly get   { date: 'Fri, 16 Jan 2015 21:20:49 GMT',
127 silly get     server: 'Apache',
127 silly get     via: '1.1 varnish, HTTPS/1.1 prodwsg04',
127 silly get     'last-modified': 'Fri, 16 Jan 2015 21:20:49 GMT',
127 silly get     'cache-control': 'max-age=60',
127 silly get     etag: '"6QR61B4AADS1I3TZ57KKXK5HJ"',
127 silly get     age: '6',
127 silly get     'x-served-by': 'cache-ord1732-ORD',
127 silly get     'x-cache': 'HIT',
127 silly get     'x-cache-hits': '1',
127 silly get     'x-timer': 'S1421443249.989204,VS0,VE0',
127 silly get     vary: 'Accept',
127 silly get     'content-length': '0' } ]
128 verbose etag https://registry.npmjs.org/jshint from cache
129 http 304 https://registry.npmjs.org/gulp
130 silly get cb [ 304,
130 silly get   { date: 'Fri, 16 Jan 2015 21:20:50 GMT',
130 silly get     server: 'Apache',
130 silly get     via: '1.1 varnish, HTTPS/1.1 prodwsg04',
130 silly get     'last-modified': 'Fri, 16 Jan 2015 21:20:05 GMT',
130 silly get     'cache-control': 'max-age=60',
130 silly get     etag: '"C0PV03WWDRAI8MD2L0UVJYJB8"',
130 silly get     age: '44',
130 silly get     'x-served-by': 'cache-ord1735-ORD',
130 silly get     'x-cache': 'HIT',
130 silly get     'x-cache-hits': '6',
130 silly get     'x-timer': 'S1421443250.032714,VS0,VE0',
130 silly get     vary: 'Accept',
130 silly get     'content-length': '0' } ]
131 verbose etag https://registry.npmjs.org/gulp from cache
132 http 304 https://registry.npmjs.org/npm
133 silly get cb [ 304,
133 silly get   { date: 'Fri, 16 Jan 2015 21:20:50 GMT',
133 silly get     server: 'Apache',
133 silly get     via: '1.1 varnish, HTTPS/1.1 prodwsg04',
133 silly get     'last-modified': 'Fri, 16 Jan 2015 21:07:35 GMT',
133 silly get     'cache-control': 'max-age=60',
133 silly get     etag: '"8XZ4IDXESVUSS8UFWPABJMGTY"',
133 silly get     age: '55',
133 silly get     'x-served-by': 'cache-ord1735-ORD',
133 silly get     'x-cache': 'HIT',
133 silly get     'x-cache-hits': '9',
133 silly get     'x-timer': 'S1421443250.111344,VS0,VE0',
133 silly get     vary: 'Accept',
133 silly get     'content-length': '0' } ]
134 verbose etag https://registry.npmjs.org/npm from cache
135 http 304 https://registry.npmjs.org/mongod
136 silly get cb [ 304,
136 silly get   { date: 'Fri, 16 Jan 2015 21:20:50 GMT',
136 silly get     server: 'Apache',
136 silly get     via: '1.1 varnish, HTTPS/1.1 prodwsg04',
136 silly get     'last-modified': 'Fri, 16 Jan 2015 21:20:50 GMT',
136 silly get     'cache-control': 'max-age=60',
136 silly get     etag: '"4HLU3VQHDW7BVYRRPSUYLJQWA"',
136 silly get     age: '0',
136 silly get     'x-served-by': 'cache-ord1732-ORD',
136 silly get     'x-cache': 'MISS',
136 silly get     'x-cache-hits': '0',
136 silly get     'x-timer': 'S1421443250.078270,VS0,VE32',
136 silly get     vary: 'Accept',
136 silly get     'content-length': '0' } ]
137 verbose etag https://registry.npmjs.org/mongod from cache
138 http 304 https://registry.npmjs.org/generator-karma
139 silly get cb [ 304,
139 silly get   { date: 'Fri, 16 Jan 2015 21:20:49 GMT',
139 silly get     server: 'Apache',
139 silly get     via: '1.1 varnish, HTTPS/1.1 prodwsg04',
139 silly get     'last-modified': 'Fri, 16 Jan 2015 21:20:50 GMT',
139 silly get     'cache-control': 'max-age=60',
139 silly get     etag: '"2K7YJAGTZPPJEXPADFPEXSS2V"',
139 silly get     age: '2',
139 silly get     'x-served-by': 'cache-ord1732-ORD',
139 silly get     'x-cache': 'HIT',
139 silly get     'x-cache-hits': '1',
139 silly get     'x-timer': 'S1421443249.858682,VS0,VE272',
139 silly get     vary: 'Accept',
139 silly get     'content-length': '0' } ]
140 verbose etag https://registry.npmjs.org/generator-karma from cache
141 http 304 https://registry.npmjs.org/nodemon
142 silly get cb [ 304,
142 silly get   { date: 'Fri, 16 Jan 2015 21:20:50 GMT',
142 silly get     server: 'Apache',
142 silly get     via: '1.1 varnish, HTTPS/1.1 prodwsg04',
142 silly get     'last-modified': 'Fri, 16 Jan 2015 21:20:50 GMT',
142 silly get     'cache-control': 'max-age=60',
142 silly get     etag: '"4XKRIRS3TZU5BHAFT1D5VEHJ1"',
142 silly get     age: '58',
142 silly get     'x-served-by': 'cache-ord1729-ORD',
142 silly get     'x-cache': 'HIT',
142 silly get     'x-cache-hits': '1',
142 silly get     'x-timer': 'S1421443250.141026,VS0,VE0',
142 silly get     vary: 'Accept',
142 silly get     'content-length': '0' } ]
143 verbose etag https://registry.npmjs.org/nodemon from cache
144 silly mapToRegistry name nopt
145 silly mapToRegistry using default registry
146 silly mapToRegistry registry https://registry.npmjs.org/
147 silly mapToRegistry uri https://registry.npmjs.org/nopt
148 silly mapToRegistry name findup-sync
149 silly mapToRegistry using default registry
150 silly mapToRegistry registry https://registry.npmjs.org/
151 silly mapToRegistry uri https://registry.npmjs.org/findup-sync
152 silly mapToRegistry name resolve
153 silly mapToRegistry using default registry
154 silly mapToRegistry registry https://registry.npmjs.org/
155 silly mapToRegistry uri https://registry.npmjs.org/resolve
156 http 304 https://registry.npmjs.org/yo
157 silly get cb [ 304,
157 silly get   { date: 'Fri, 16 Jan 2015 21:20:50 GMT',
157 silly get     server: 'Apache',
157 silly get     via: '1.1 varnish, HTTPS/1.1 prodwsg04',
157 silly get     'last-modified': 'Fri, 16 Jan 2015 21:20:50 GMT',
157 silly get     'cache-control': 'max-age=60',
157 silly get     etag: '"64GPDP2O79L4KAPW7JJBAZIM4"',
157 silly get     age: '0',
157 silly get     'x-served-by': 'cache-ord1732-ORD',
157 silly get     'x-cache': 'HIT',
157 silly get     'x-cache-hits': '1',
157 silly get     'x-timer': 'S1421443250.209151,VS0,VE34',
157 silly get     vary: 'Accept',
157 silly get     'content-length': '0' } ]
158 verbose etag https://registry.npmjs.org/yo from cache
159 verbose request uri https://registry.npmjs.org/nopt
160 verbose request no auth needed
161 info attempt registry request try #1 at 15:20:50
162 verbose etag "8ISSVC6WZ7U52Z4MM4BSH6NR"
163 http request GET https://registry.npmjs.org/nopt
164 verbose request uri https://registry.npmjs.org/resolve
165 verbose request no auth needed
166 info attempt registry request try #1 at 15:20:50
167 verbose etag "BDUBUDSE2Y8T5JAC8TMWDA7SX"
168 http request GET https://registry.npmjs.org/resolve
169 verbose request uri https://registry.npmjs.org/findup-sync
170 verbose request no auth needed
171 info attempt registry request try #1 at 15:20:50
172 verbose etag "9LCWYH41AIG44UQNNHYHPSFSH"
173 http request GET https://registry.npmjs.org/findup-sync
174 http 304 https://registry.npmjs.org/uglify-js
175 silly get cb [ 304,
175 silly get   { date: 'Fri, 16 Jan 2015 21:20:50 GMT',
175 silly get     server: 'Apache',
175 silly get     via: '1.1 varnish, HTTPS/1.1 prodwsg04',
175 silly get     'last-modified': 'Fri, 16 Jan 2015 21:11:44 GMT',
175 silly get     'cache-control': 'max-age=60',
175 silly get     etag: '"520FAI1XRTXQR94BWOUJ9LQQB"',
175 silly get     age: '32',
175 silly get     'x-served-by': 'cache-ord1734-ORD',
175 silly get     'x-cache': 'HIT',
175 silly get     'x-cache-hits': '104',
175 silly get     'x-timer': 'S1421443250.170097,VS0,VE0',
175 silly get     vary: 'Accept',
175 silly get     'content-length': '0' } ]
176 verbose etag https://registry.npmjs.org/uglify-js from cache
177 silly mapToRegistry name cli
178 silly mapToRegistry using default registry
179 silly mapToRegistry registry https://registry.npmjs.org/
180 silly mapToRegistry uri https://registry.npmjs.org/cli
181 silly mapToRegistry name console-browserify
182 silly mapToRegistry using default registry
183 silly mapToRegistry registry https://registry.npmjs.org/
184 silly mapToRegistry uri https://registry.npmjs.org/console-browserify
185 silly mapToRegistry name exit
186 silly mapToRegistry using default registry
187 silly mapToRegistry registry https://registry.npmjs.org/
188 silly mapToRegistry uri https://registry.npmjs.org/exit
189 silly mapToRegistry name htmlparser2
190 silly mapToRegistry using default registry
191 silly mapToRegistry registry https://registry.npmjs.org/
192 silly mapToRegistry uri https://registry.npmjs.org/htmlparser2
193 silly mapToRegistry name minimatch
194 silly mapToRegistry using default registry
195 silly mapToRegistry registry https://registry.npmjs.org/
196 silly mapToRegistry uri https://registry.npmjs.org/minimatch
197 silly mapToRegistry name shelljs
198 silly mapToRegistry using default registry
199 silly mapToRegistry registry https://registry.npmjs.org/
200 silly mapToRegistry uri https://registry.npmjs.org/shelljs
201 silly mapToRegistry name strip-json-comments
202 silly mapToRegistry using default registry
203 silly mapToRegistry registry https://registry.npmjs.org/
204 silly mapToRegistry uri https://registry.npmjs.org/strip-json-comments
205 silly mapToRegistry name underscore
206 silly mapToRegistry using default registry
207 silly mapToRegistry registry https://registry.npmjs.org/
208 silly mapToRegistry uri https://registry.npmjs.org/underscore
209 http 304 https://registry.npmjs.org/nopt
210 silly get cb [ 304,
210 silly get   { date: 'Fri, 16 Jan 2015 21:20:50 GMT',
210 silly get     server: 'Apache',
210 silly get     via: '1.1 varnish, HTTPS/1.1 prodwsg04',
210 silly get     'last-modified': 'Fri, 16 Jan 2015 21:20:48 GMT',
210 silly get     'cache-control': 'max-age=60',
210 silly get     etag: '"8ISSVC6WZ7U52Z4MM4BSH6NR"',
210 silly get     age: '36',
210 silly get     'x-served-by': 'cache-ord1734-ORD',
210 silly get     'x-cache': 'HIT',
210 silly get     'x-cache-hits': '2',
210 silly get     'x-timer': 'S1421443250.397619,VS0,VE0',
210 silly get     vary: 'Accept',
210 silly get     'content-length': '0' } ]
211 verbose etag https://registry.npmjs.org/nopt from cache
212 http 304 https://registry.npmjs.org/findup-sync
213 silly get cb [ 304,
213 silly get   { date: 'Fri, 16 Jan 2015 21:20:50 GMT',
213 silly get     server: 'Apache',
213 silly get     via: '1.1 varnish, HTTPS/1.1 prodwsg04',
213 silly get     'last-modified': 'Fri, 16 Jan 2015 21:20:15 GMT',
213 silly get     'cache-control': 'max-age=60',
213 silly get     etag: '"9LCWYH41AIG44UQNNHYHPSFSH"',
213 silly get     age: '37',
213 silly get     'x-served-by': 'cache-ord1729-ORD',
213 silly get     'x-cache': 'HIT',
213 silly get     'x-cache-hits': '2',
213 silly get     'x-timer': 'S1421443250.415554,VS0,VE0',
213 silly get     vary: 'Accept',
213 silly get     'content-length': '0' } ]
214 verbose etag https://registry.npmjs.org/findup-sync from cache
215 http 304 https://registry.npmjs.org/resolve
216 silly get cb [ 304,
216 silly get   { date: 'Fri, 16 Jan 2015 21:20:50 GMT',
216 silly get     server: 'Apache',
216 silly get     via: '1.1 varnish, HTTPS/1.1 prodwsg04',
216 silly get     'last-modified': 'Fri, 16 Jan 2015 21:20:50 GMT',
216 silly get     'cache-control': 'max-age=60',
216 silly get     etag: '"BDUBUDSE2Y8T5JAC8TMWDA7SX"',
216 silly get     age: '2',
216 silly get     'x-served-by': 'cache-ord1732-ORD',
216 silly get     'x-cache': 'HIT',
216 silly get     'x-cache-hits': '1',
216 silly get     'x-timer': 'S1421443250.420628,VS0,VE0',
216 silly get     vary: 'Accept',
216 silly get     'content-length': '0' } ]
217 verbose etag https://registry.npmjs.org/resolve from cache
218 verbose request uri https://registry.npmjs.org/console-browserify
219 verbose request no auth needed
220 info attempt registry request try #1 at 15:20:50
221 verbose etag "9VGMXEUPMJ10FIBFNRNNIHOEV"
222 http request GET https://registry.npmjs.org/console-browserify
223 verbose request uri https://registry.npmjs.org/exit
224 verbose request no auth needed
225 info attempt registry request try #1 at 15:20:50
226 verbose etag "1Z5HK0G5TLA16OL5I9K5B44Z"
227 http request GET https://registry.npmjs.org/exit
228 verbose request uri https://registry.npmjs.org/cli
229 verbose request no auth needed
230 info attempt registry request try #1 at 15:20:50
231 verbose etag "4RUU2DIVFIWDZOBX14UEKFFKN"
232 http request GET https://registry.npmjs.org/cli
233 verbose request uri https://registry.npmjs.org/htmlparser2
234 verbose request no auth needed
235 info attempt registry request try #1 at 15:20:50
236 verbose etag "DJR71GQH316BS8B7LMUR28H5N"
237 http request GET https://registry.npmjs.org/htmlparser2
238 verbose request uri https://registry.npmjs.org/minimatch
239 verbose request no auth needed
240 info attempt registry request try #1 at 15:20:50
241 verbose etag "D29OWAQRG0WC5JA3Q9TVBAV42"
242 http request GET https://registry.npmjs.org/minimatch
243 verbose request uri https://registry.npmjs.org/strip-json-comments
244 verbose request no auth needed
245 info attempt registry request try #1 at 15:20:50
246 verbose etag "49VHTZPNSGIIA5RNO5D5FFUT0"
247 http request GET https://registry.npmjs.org/strip-json-comments
248 verbose request uri https://registry.npmjs.org/shelljs
249 verbose request no auth needed
250 info attempt registry request try #1 at 15:20:50
251 verbose etag "3JK9I4B77VSRDIQTZN6AQN1A2"
252 http request GET https://registry.npmjs.org/shelljs
253 verbose request uri https://registry.npmjs.org/underscore
254 verbose request no auth needed
255 info attempt registry request try #1 at 15:20:50
256 verbose etag "6K40E833X24Q9ZA0EV4N3OCSY"
257 http request GET https://registry.npmjs.org/underscore
258 silly mapToRegistry name abbrev
259 silly mapToRegistry using default registry
260 silly mapToRegistry registry https://registry.npmjs.org/
261 silly mapToRegistry uri https://registry.npmjs.org/abbrev
262 silly mapToRegistry name archy
263 silly mapToRegistry using default registry
264 silly mapToRegistry registry https://registry.npmjs.org/
265 silly mapToRegistry uri https://registry.npmjs.org/archy
266 silly mapToRegistry name bower-config
267 silly mapToRegistry using default registry
268 silly mapToRegistry registry https://registry.npmjs.org/
269 silly mapToRegistry uri https://registry.npmjs.org/bower-config
270 silly mapToRegistry name bower-endpoint-parser
271 silly mapToRegistry using default registry
272 silly mapToRegistry registry https://registry.npmjs.org/
273 silly mapToRegistry uri https://registry.npmjs.org/bower-endpoint-parser
274 silly mapToRegistry name bower-json
275 silly mapToRegistry using default registry
276 silly mapToRegistry registry https://registry.npmjs.org/
277 silly mapToRegistry uri https://registry.npmjs.org/bower-json
278 silly mapToRegistry name bower-logger
279 silly mapToRegistry using default registry
280 silly mapToRegistry registry https://registry.npmjs.org/
281 silly mapToRegistry uri https://registry.npmjs.org/bower-logger
282 silly mapToRegistry name bower-registry-client
283 silly mapToRegistry using default registry
284 silly mapToRegistry registry https://registry.npmjs.org/
285 silly mapToRegistry uri https://registry.npmjs.org/bower-registry-client
286 silly mapToRegistry name cardinal
287 silly mapToRegistry using default registry
288 silly mapToRegistry registry https://registry.npmjs.org/
289 silly mapToRegistry uri https://registry.npmjs.org/cardinal
290 silly mapToRegistry name chalk
291 silly mapToRegistry using default registry
292 silly mapToRegistry registry https://registry.npmjs.org/
293 silly mapToRegistry uri https://registry.npmjs.org/chalk
294 silly mapToRegistry name chmodr
295 silly mapToRegistry using default registry
296 silly mapToRegistry registry https://registry.npmjs.org/
297 silly mapToRegistry uri https://registry.npmjs.org/chmodr
298 silly mapToRegistry name decompress-zip
299 silly mapToRegistry using default registry
300 silly mapToRegistry registry https://registry.npmjs.org/
301 silly mapToRegistry uri https://registry.npmjs.org/decompress-zip
302 silly mapToRegistry name fstream
303 silly mapToRegistry using default registry
304 silly mapToRegistry registry https://registry.npmjs.org/
305 silly mapToRegistry uri https://registry.npmjs.org/fstream
306 silly mapToRegistry name fstream-ignore
307 silly mapToRegistry using default registry
308 silly mapToRegistry registry https://registry.npmjs.org/
309 silly mapToRegistry uri https://registry.npmjs.org/fstream-ignore
310 silly mapToRegistry name glob
311 silly mapToRegistry using default registry
312 silly mapToRegistry registry https://registry.npmjs.org/
313 silly mapToRegistry uri https://registry.npmjs.org/glob
314 silly mapToRegistry name graceful-fs
315 silly mapToRegistry using default registry
316 silly mapToRegistry registry https://registry.npmjs.org/
317 silly mapToRegistry uri https://registry.npmjs.org/graceful-fs
318 silly mapToRegistry name handlebars
319 silly mapToRegistry using default registry
320 silly mapToRegistry registry https://registry.npmjs.org/
321 silly mapToRegistry uri https://registry.npmjs.org/handlebars
322 silly mapToRegistry name inquirer
323 silly mapToRegistry using default registry
324 silly mapToRegistry registry https://registry.npmjs.org/
325 silly mapToRegistry uri https://registry.npmjs.org/inquirer
326 silly mapToRegistry name insight
327 silly mapToRegistry using default registry
328 silly mapToRegistry registry https://registry.npmjs.org/
329 silly mapToRegistry uri https://registry.npmjs.org/insight
330 silly mapToRegistry name is-root
331 silly mapToRegistry using default registry
332 silly mapToRegistry registry https://registry.npmjs.org/
333 silly mapToRegistry uri https://registry.npmjs.org/is-root
334 silly mapToRegistry name junk
335 silly mapToRegistry using default registry
336 silly mapToRegistry registry https://registry.npmjs.org/
337 silly mapToRegistry uri https://registry.npmjs.org/junk
338 silly mapToRegistry name lockfile
339 silly mapToRegistry using default registry
340 silly mapToRegistry registry https://registry.npmjs.org/
341 silly mapToRegistry uri https://registry.npmjs.org/lockfile
342 silly mapToRegistry name lru-cache
343 silly mapToRegistry using default registry
344 silly mapToRegistry registry https://registry.npmjs.org/
345 silly mapToRegistry uri https://registry.npmjs.org/lru-cache
346 silly mapToRegistry name mkdirp
347 silly mapToRegistry using default registry
348 silly mapToRegistry registry https://registry.npmjs.org/
349 silly mapToRegistry uri https://registry.npmjs.org/mkdirp
350 silly mapToRegistry name mout
351 silly mapToRegistry using default registry
352 silly mapToRegistry registry https://registry.npmjs.org/
353 silly mapToRegistry uri https://registry.npmjs.org/mout
354 silly mapToRegistry name nopt
355 silly mapToRegistry using default registry
356 silly mapToRegistry registry https://registry.npmjs.org/
357 silly mapToRegistry uri https://registry.npmjs.org/nopt
358 silly mapToRegistry name opn
359 silly mapToRegistry using default registry
360 silly mapToRegistry registry https://registry.npmjs.org/
361 silly mapToRegistry uri https://registry.npmjs.org/opn
362 silly mapToRegistry name osenv
363 silly mapToRegistry using default registry
364 silly mapToRegistry registry https://registry.npmjs.org/
365 silly mapToRegistry uri https://registry.npmjs.org/osenv
366 silly mapToRegistry name p-throttler
367 silly mapToRegistry using default registry
368 silly mapToRegistry registry https://registry.npmjs.org/
369 silly mapToRegistry uri https://registry.npmjs.org/p-throttler
370 silly mapToRegistry name promptly
371 silly mapToRegistry using default registry
372 silly mapToRegistry registry https://registry.npmjs.org/
373 silly mapToRegistry uri https://registry.npmjs.org/promptly
374 silly mapToRegistry name q
375 silly mapToRegistry using default registry
376 silly mapToRegistry registry https://registry.npmjs.org/
377 silly mapToRegistry uri https://registry.npmjs.org/q
378 silly mapToRegistry name request
379 silly mapToRegistry using default registry
380 silly mapToRegistry registry https://registry.npmjs.org/
381 silly mapToRegistry uri https://registry.npmjs.org/request
382 silly mapToRegistry name request-progress
383 silly mapToRegistry using default registry
384 silly mapToRegistry registry https://registry.npmjs.org/
385 silly mapToRegistry uri https://registry.npmjs.org/request-progress
386 silly mapToRegistry name retry
387 silly mapToRegistry using default registry
388 silly mapToRegistry registry https://registry.npmjs.org/
389 silly mapToRegistry uri https://registry.npmjs.org/retry
390 silly mapToRegistry name rimraf
391 silly mapToRegistry using default registry
392 silly mapToRegistry registry https://registry.npmjs.org/
393 silly mapToRegistry uri https://registry.npmjs.org/rimraf
394 silly mapToRegistry name semver
395 silly mapToRegistry using default registry
396 silly mapToRegistry registry https://registry.npmjs.org/
397 silly mapToRegistry uri https://registry.npmjs.org/semver
398 silly mapToRegistry name shell-quote
399 silly mapToRegistry using default registry
400 silly mapToRegistry registry https://registry.npmjs.org/
401 silly mapToRegistry uri https://registry.npmjs.org/shell-quote
402 silly mapToRegistry name stringify-object
403 silly mapToRegistry using default registry
404 silly mapToRegistry registry https://registry.npmjs.org/
405 silly mapToRegistry uri https://registry.npmjs.org/stringify-object
406 silly mapToRegistry name tar-fs
407 silly mapToRegistry using default registry
408 silly mapToRegistry registry https://registry.npmjs.org/
409 silly mapToRegistry uri https://registry.npmjs.org/tar-fs
410 silly mapToRegistry name tmp
411 silly mapToRegistry using default registry
412 silly mapToRegistry registry https://registry.npmjs.org/
413 silly mapToRegistry uri https://registry.npmjs.org/tmp
414 silly mapToRegistry name update-notifier
415 silly mapToRegistry using default registry
416 silly mapToRegistry registry https://registry.npmjs.org/
417 silly mapToRegistry uri https://registry.npmjs.org/update-notifier
418 silly mapToRegistry name which
419 silly mapToRegistry using default registry
420 silly mapToRegistry registry https://registry.npmjs.org/
421 silly mapToRegistry uri https://registry.npmjs.org/which
422 silly mapToRegistry name async
423 silly mapToRegistry using default registry
424 silly mapToRegistry registry https://registry.npmjs.org/
425 silly mapToRegistry uri https://registry.npmjs.org/async
426 silly mapToRegistry name source-map
427 silly mapToRegistry using default registry
428 silly mapToRegistry registry https://registry.npmjs.org/
429 silly mapToRegistry uri https://registry.npmjs.org/source-map
430 silly mapToRegistry name optimist
431 silly mapToRegistry using default registry
432 silly mapToRegistry registry https://registry.npmjs.org/
433 silly mapToRegistry uri https://registry.npmjs.org/optimist
434 silly mapToRegistry name uglify-to-browserify
435 silly mapToRegistry using default registry
436 silly mapToRegistry registry https://registry.npmjs.org/
437 silly mapToRegistry uri https://registry.npmjs.org/uglify-to-browserify
438 verbose request uri https://registry.npmjs.org/archy
439 verbose request no auth needed
440 info attempt registry request try #1 at 15:20:50
441 verbose etag "6BS4ZEDQ30EUQC2HEIYE8KZ9X"
442 http request GET https://registry.npmjs.org/archy
443 verbose request uri https://registry.npmjs.org/bower-endpoint-parser
444 verbose request no auth needed
445 info attempt registry request try #1 at 15:20:50
446 verbose etag "B9EPO7E02DK5Z3BSFSOV868PN"
447 http request GET https://registry.npmjs.org/bower-endpoint-parser
448 verbose request uri https://registry.npmjs.org/abbrev
449 verbose request no auth needed
450 info attempt registry request try #1 at 15:20:50
451 verbose etag "C7UZYEDQEZ6TUB8TEJKII0UIR"
452 http request GET https://registry.npmjs.org/abbrev
453 verbose request uri https://registry.npmjs.org/bower-config
454 verbose request no auth needed
455 info attempt registry request try #1 at 15:20:50
456 verbose etag "46AFV5POAR9Y1EKDQBP5XVGK2"
457 http request GET https://registry.npmjs.org/bower-config
458 verbose request uri https://registry.npmjs.org/bower-json
459 verbose request no auth needed
460 info attempt registry request try #1 at 15:20:50
461 verbose etag "6DFKQA9ZLQI3LKRDBUQ3FHIET"
462 http request GET https://registry.npmjs.org/bower-json
463 verbose request uri https://registry.npmjs.org/bower-logger
464 verbose request no auth needed
465 info attempt registry request try #1 at 15:20:50
466 verbose etag "ANO95KI0DUOI977PBDUAK69QR"
467 http request GET https://registry.npmjs.org/bower-logger
468 verbose request uri https://registry.npmjs.org/bower-registry-client
469 verbose request no auth needed
470 info attempt registry request try #1 at 15:20:50
471 verbose etag "9B63W4GFE7VZ5MXPXQ256UNFV"
472 http request GET https://registry.npmjs.org/bower-registry-client
473 verbose request uri https://registry.npmjs.org/chmodr
474 verbose request no auth needed
475 info attempt registry request try #1 at 15:20:50
476 verbose etag "657LEKAIPUXE3VJUA2ZUZJ04N"
477 http request GET https://registry.npmjs.org/chmodr
478 verbose request uri https://registry.npmjs.org/cardinal
479 verbose request no auth needed
480 info attempt registry request try #1 at 15:20:50
481 verbose etag "3XGAKCANGZG4FOQ5GFWQDX7IZ"
482 http request GET https://registry.npmjs.org/cardinal
483 verbose request uri https://registry.npmjs.org/chalk
484 verbose request no auth needed
485 info attempt registry request try #1 at 15:20:50
486 verbose etag "7JJP15H7QCKFVSZ7EGL5D9VAW"
487 http request GET https://registry.npmjs.org/chalk
488 verbose request uri https://registry.npmjs.org/decompress-zip
489 verbose request no auth needed
490 info attempt registry request try #1 at 15:20:50
491 verbose etag "9YJH9HD1X2YCYWOXFZWCSNDGP"
492 http request GET https://registry.npmjs.org/decompress-zip
493 verbose request uri https://registry.npmjs.org/fstream-ignore
494 verbose request no auth needed
495 info attempt registry request try #1 at 15:20:50
496 verbose etag "5Q2W8B2AFG0W41S8NH1SUU97U"
497 http request GET https://registry.npmjs.org/fstream-ignore
498 verbose request uri https://registry.npmjs.org/fstream
499 verbose request no auth needed
500 info attempt registry request try #1 at 15:20:50
501 verbose etag "8VEDKAWJCZHWBVC3PR735VW4U"
502 http request GET https://registry.npmjs.org/fstream
503 verbose request uri https://registry.npmjs.org/graceful-fs
504 verbose request no auth needed
505 info attempt registry request try #1 at 15:20:50
506 verbose etag "AUOYDO4LWNBMP5NB0WOJ0Q9S9"
507 http request GET https://registry.npmjs.org/graceful-fs
508 verbose request uri https://registry.npmjs.org/glob
509 verbose request no auth needed
510 info attempt registry request try #1 at 15:20:50
511 verbose etag "4QRO5E05QBWB9WI80PXBWNR9S"
512 http request GET https://registry.npmjs.org/glob
513 verbose request uri https://registry.npmjs.org/handlebars
514 verbose request no auth needed
515 info attempt registry request try #1 at 15:20:50
516 verbose etag "CDGT8JG36GGBM1YWXCVOBR0R0"
517 http request GET https://registry.npmjs.org/handlebars
518 verbose request uri https://registry.npmjs.org/insight
519 verbose request no auth needed
520 info attempt registry request try #1 at 15:20:50
521 verbose etag "Z8YB6HW7XCSK8GE6JDFX7PPP"
522 http request GET https://registry.npmjs.org/insight
523 verbose request uri https://registry.npmjs.org/is-root
524 verbose request no auth needed
525 info attempt registry request try #1 at 15:20:50
526 verbose etag "BLMPL0MQGSW0JMDK2OQB9V12Q"
527 http request GET https://registry.npmjs.org/is-root
528 verbose request uri https://registry.npmjs.org/inquirer
529 verbose request no auth needed
530 info attempt registry request try #1 at 15:20:50
531 verbose etag "32I9BU9J1MKC1Q336UJ2PDS5Y"
532 http request GET https://registry.npmjs.org/inquirer
533 verbose request uri https://registry.npmjs.org/junk
534 verbose request no auth needed
535 info attempt registry request try #1 at 15:20:50
536 verbose etag "EG6RY2XTT19JDSP2OQJT1YW3"
537 http request GET https://registry.npmjs.org/junk
538 verbose request uri https://registry.npmjs.org/lockfile
539 verbose request no auth needed
540 info attempt registry request try #1 at 15:20:50
541 verbose etag "3JFN2K3YBGBD7P34TB9HNQCEH"
542 http request GET https://registry.npmjs.org/lockfile
543 verbose request uri https://registry.npmjs.org/mout
544 verbose request no auth needed
545 info attempt registry request try #1 at 15:20:50
546 verbose etag "7UCIR4NBRN9041DEVHOW6NUG0"
547 http request GET https://registry.npmjs.org/mout
548 verbose request uri https://registry.npmjs.org/lru-cache
549 verbose request no auth needed
550 info attempt registry request try #1 at 15:20:50
551 verbose etag "AWH7VGG7C1EED3PI99MH9VTA6"
552 http request GET https://registry.npmjs.org/lru-cache
553 verbose get https://registry.npmjs.org/nopt not expired, no request
554 verbose request uri https://registry.npmjs.org/opn
555 verbose request no auth needed
556 info attempt registry request try #1 at 15:20:50
557 verbose etag "6OGCKNVI2REUJKF7P24R1VQ1L"
558 http request GET https://registry.npmjs.org/opn
559 verbose request uri https://registry.npmjs.org/mkdirp
560 verbose request no auth needed
561 info attempt registry request try #1 at 15:20:50
562 verbose etag "1JAJFICOSRAHGVP4B0F7744U1"
563 http request GET https://registry.npmjs.org/mkdirp
564 verbose request uri https://registry.npmjs.org/osenv
565 verbose request no auth needed
566 info attempt registry request try #1 at 15:20:50
567 verbose etag "XTHIMZVU6OY7KRNPCHYBCM1I"
568 http request GET https://registry.npmjs.org/osenv
569 verbose request uri https://registry.npmjs.org/p-throttler
570 verbose request no auth needed
571 info attempt registry request try #1 at 15:20:50
572 verbose etag "9BE5NTQJDGDWJ3FM9CWSDJGQT"
573 http request GET https://registry.npmjs.org/p-throttler
574 verbose request uri https://registry.npmjs.org/promptly
575 verbose request no auth needed
576 info attempt registry request try #1 at 15:20:50
577 verbose etag "4VX5IX4GX1TMXKJMVQMER3HGN"
578 http request GET https://registry.npmjs.org/promptly
579 verbose request uri https://registry.npmjs.org/retry
580 verbose request no auth needed
581 info attempt registry request try #1 at 15:20:50
582 verbose etag "1U3ED77E8NXLGSAJG6FZHYK9N"
583 http request GET https://registry.npmjs.org/retry
584 verbose request uri https://registry.npmjs.org/q
585 verbose request no auth needed
586 info attempt registry request try #1 at 15:20:50
587 verbose etag "2C7ZAZ7AD8SR59IZ3PSSGEO9Y"
588 http request GET https://registry.npmjs.org/q
589 verbose request uri https://registry.npmjs.org/request-progress
590 verbose request no auth needed
591 info attempt registry request try #1 at 15:20:50
592 verbose etag "58RGZ5F3ONH17XTN8C0D6CSHX"
593 http request GET https://registry.npmjs.org/request-progress
594 verbose request uri https://registry.npmjs.org/request
595 verbose request no auth needed
596 info attempt registry request try #1 at 15:20:50
597 verbose etag "ATO1I0M9GPDY34VRKYHSI1OF2"
598 http request GET https://registry.npmjs.org/request
599 verbose request uri https://registry.npmjs.org/rimraf
600 verbose request no auth needed
601 info attempt registry request try #1 at 15:20:50
602 verbose etag "R0QUR8NWCAALZ68N4ZVKEQZY"
603 http request GET https://registry.npmjs.org/rimraf
604 verbose request uri https://registry.npmjs.org/shell-quote
605 verbose request no auth needed
606 info attempt registry request try #1 at 15:20:50
607 verbose etag "3L5RABNNEMNKV3SCM6XRNE0HB"
608 http request GET https://registry.npmjs.org/shell-quote
609 verbose request uri https://registry.npmjs.org/stringify-object
610 verbose request no auth needed
611 info attempt registry request try #1 at 15:20:50
612 verbose etag "DP29LV3EOMD225GGZC2CIJOFI"
613 http request GET https://registry.npmjs.org/stringify-object
614 verbose request uri https://registry.npmjs.org/semver
615 verbose request no auth needed
616 info attempt registry request try #1 at 15:20:50
617 verbose etag "5XALXLZ0IH87P6SN00XR9QW1H"
618 http request GET https://registry.npmjs.org/semver
619 verbose request uri https://registry.npmjs.org/tar-fs
620 verbose request no auth needed
621 info attempt registry request try #1 at 15:20:50
622 verbose etag "8RYALJZQNJRW9QKQWJHFNUBJA"
623 http request GET https://registry.npmjs.org/tar-fs
624 verbose request uri https://registry.npmjs.org/tmp
625 verbose request no auth needed
626 info attempt registry request try #1 at 15:20:50
627 verbose etag "BBO992MJC3VLQUYA644BA5P7T"
628 http request GET https://registry.npmjs.org/tmp
629 verbose request uri https://registry.npmjs.org/update-notifier
630 verbose request no auth needed
631 info attempt registry request try #1 at 15:20:50
632 verbose etag "1MVYP10MVD5N1L8A6A1OPE9AO"
633 http request GET https://registry.npmjs.org/update-notifier
634 verbose request uri https://registry.npmjs.org/which
635 verbose request no auth needed
636 info attempt registry request try #1 at 15:20:50
637 verbose etag "4VS0FYH4E1G9QQSBDIQPZZGAO"
638 http request GET https://registry.npmjs.org/which
639 verbose request uri https://registry.npmjs.org/uglify-to-browserify
640 verbose request no auth needed
641 info attempt registry request try #1 at 15:20:50
642 verbose etag "BHR6U795227U78LYRCRLR9PU5"
643 http request GET https://registry.npmjs.org/uglify-to-browserify
644 verbose request uri https://registry.npmjs.org/async
645 verbose request no auth needed
646 info attempt registry request try #1 at 15:20:50
647 verbose etag "F3WFVMZU84XZYNZKTOAGRFFP2"
648 http request GET https://registry.npmjs.org/async
649 verbose request uri https://registry.npmjs.org/optimist
650 verbose request no auth needed
651 info attempt registry request try #1 at 15:20:50
652 verbose etag "CHKLH6MN4KPB5ICCP1GWZIMC9"
653 http request GET https://registry.npmjs.org/optimist
654 verbose request uri https://registry.npmjs.org/source-map
655 verbose request no auth needed
656 info attempt registry request try #1 at 15:20:50
657 verbose etag "32YH9XT7YZH376K38E5VCM6WB"
658 http request GET https://registry.npmjs.org/source-map
659 http 304 https://registry.npmjs.org/cli
660 silly get cb [ 304,
660 silly get   { date: 'Fri, 16 Jan 2015 21:20:50 GMT',
660 silly get     server: 'Apache',
660 silly get     via: '1.1 varnish, HTTPS/1.1 prodwsg04',
660 silly get     'last-modified': 'Fri, 16 Jan 2015 21:11:37 GMT',
660 silly get     'cache-control': 'max-age=60',
660 silly get     etag: '"4RUU2DIVFIWDZOBX14UEKFFKN"',
660 silly get     age: '30',
660 silly get     'x-served-by': 'cache-ord1735-ORD',
660 silly get     'x-cache': 'HIT',
660 silly get     'x-cache-hits': '69',
660 silly get     'x-timer': 'S1421443250.640001,VS0,VE0',
660 silly get     vary: 'Accept',
660 silly get     'content-length': '0' } ]
661 verbose etag https://registry.npmjs.org/cli from cache
662 http 304 https://registry.npmjs.org/htmlparser2
663 silly get cb [ 304,
663 silly get   { date: 'Fri, 16 Jan 2015 21:20:50 GMT',
663 silly get     server: 'Apache',
663 silly get     via: '1.1 varnish, HTTPS/1.1 prodwsg04',
663 silly get     'last-modified': 'Fri, 16 Jan 2015 21:20:50 GMT',
663 silly get     'cache-control': 'max-age=60',
663 silly get     etag: '"DJR71GQH316BS8B7LMUR28H5N"',
663 silly get     age: '39',
663 silly get     'x-served-by': 'cache-ord1732-ORD',
663 silly get     'x-cache': 'HIT',
663 silly get     'x-cache-hits': '1',
663 silly get     'x-timer': 'S1421443250.647279,VS0,VE0',
663 silly get     vary: 'Accept',
663 silly get     'content-length': '0' } ]
664 verbose etag https://registry.npmjs.org/htmlparser2 from cache
665 http 304 https://registry.npmjs.org/console-browserify
666 silly get cb [ 304,
666 silly get   { date: 'Fri, 16 Jan 2015 21:20:50 GMT',
666 silly get     server: 'Apache',
666 silly get     via: '1.1 varnish, HTTPS/1.1 prodwsg04',
666 silly get     'last-modified': 'Fri, 16 Jan 2015 21:20:20 GMT',
666 silly get     'cache-control': 'max-age=60',
666 silly get     etag: '"9VGMXEUPMJ10FIBFNRNNIHOEV"',
666 silly get     age: '34',
666 silly get     'x-served-by': 'cache-ord1732-ORD',
666 silly get     'x-cache': 'HIT',
666 silly get     'x-cache-hits': '4',
666 silly get     'x-timer': 'S1421443250.649849,VS0,VE0',
666 silly get     vary: 'Accept',
666 silly get     'content-length': '0' } ]
667 verbose etag https://registry.npmjs.org/console-browserify from cache
668 http 304 https://registry.npmjs.org/minimatch
669 silly get cb [ 304,
669 silly get   { date: 'Fri, 16 Jan 2015 21:20:50 GMT',
669 silly get     server: 'Apache',
669 silly get     via: '1.1 varnish, HTTPS/1.1 prodwsg04',
669 silly get     'last-modified': 'Fri, 16 Jan 2015 21:20:19 GMT',
669 silly get     'cache-control': 'max-age=60',
669 silly get     etag: '"D29OWAQRG0WC5JA3Q9TVBAV42"',
669 silly get     age: '37',
669 silly get     'x-served-by': 'cache-ord1734-ORD',
669 silly get     'x-cache': 'HIT',
669 silly get     'x-cache-hits': '3',
669 silly get     'x-timer': 'S1421443250.649513,VS0,VE0',
669 silly get     vary: 'Accept',
669 silly get     'content-length': '0' } ]
670 verbose etag https://registry.npmjs.org/minimatch from cache
671 silly mapToRegistry name abbrev
672 silly mapToRegistry using default registry
673 silly mapToRegistry registry https://registry.npmjs.org/
674 silly mapToRegistry uri https://registry.npmjs.org/abbrev
675 silly mapToRegistry name promise
676 silly mapToRegistry using default registry
677 silly mapToRegistry registry https://registry.npmjs.org/
678 silly mapToRegistry uri https://registry.npmjs.org/promise
679 silly mapToRegistry name mongojs
680 silly mapToRegistry using default registry
681 silly mapToRegistry registry https://registry.npmjs.org/
682 silly mapToRegistry uri https://registry.npmjs.org/mongojs
683 verbose request uri https://registry.npmjs.org/abbrev
684 verbose request no auth needed
685 info attempt registry request try #1 at 15:20:50
686 verbose etag "C7UZYEDQEZ6TUB8TEJKII0UIR"
687 http request GET https://registry.npmjs.org/abbrev
688 verbose request uri https://registry.npmjs.org/promise
689 verbose request no auth needed
690 info attempt registry request try #1 at 15:20:50
691 verbose etag "4ERZ600AJUS7I5CYMJM8D9TQ"
692 http request GET https://registry.npmjs.org/promise
693 verbose request uri https://registry.npmjs.org/mongojs
694 verbose request no auth needed
695 info attempt registry request try #1 at 15:20:50
696 verbose etag "B7SBPUTL2YJUOXWG0541PWTPP"
697 http request GET https://registry.npmjs.org/mongojs
698 http 304 https://registry.npmjs.org/exit
699 silly get cb [ 304,
699 silly get   { date: 'Fri, 16 Jan 2015 21:20:50 GMT',
699 silly get     server: 'Apache',
699 silly get     via: '1.1 varnish, HTTPS/1.1 prodwsg04',
699 silly get     'last-modified': 'Fri, 16 Jan 2015 21:20:50 GMT',
699 silly get     'cache-control': 'max-age=60',
699 silly get     etag: '"1Z5HK0G5TLA16OL5I9K5B44Z"',
699 silly get     age: '0',
699 silly get     'x-served-by': 'cache-ord1729-ORD',
699 silly get     'x-cache': 'HIT',
699 silly get     'x-cache-hits': '1',
699 silly get     'x-timer': 'S1421443250.584330,VS0,VE135',
699 silly get     vary: 'Accept',
699 silly get     'content-length': '0' } ]
700 verbose etag https://registry.npmjs.org/exit from cache
701 http 304 https://registry.npmjs.org/archy
702 silly get cb [ 304,
702 silly get   { date: 'Fri, 16 Jan 2015 21:20:50 GMT',
702 silly get     server: 'Apache',
702 silly get     via: '1.1 varnish, HTTPS/1.1 prodwsg04',
702 silly get     'last-modified': 'Fri, 16 Jan 2015 21:20:49 GMT',
702 silly get     'cache-control': 'max-age=60',
702 silly get     etag: '"6BS4ZEDQ30EUQC2HEIYE8KZ9X"',
702 silly get     age: '49',
702 silly get     'x-served-by': 'cache-ord1735-ORD',
702 silly get     'x-cache': 'HIT',
702 silly get     'x-cache-hits': '2',
702 silly get     'x-timer': 'S1421443250.724291,VS0,VE0',
702 silly get     vary: 'Accept',
702 silly get     'content-length': '0' } ]
703 verbose etag https://registry.npmjs.org/archy from cache
704 http 304 https://registry.npmjs.org/strip-json-comments
705 silly get cb [ 304,
705 silly get   { date: 'Fri, 16 Jan 2015 21:20:50 GMT',
705 silly get     server: 'Apache',
705 silly get     via: '1.1 varnish, HTTPS/1.1 prodwsg04',
705 silly get     'last-modified': 'Fri, 16 Jan 2015 21:20:33 GMT',
705 silly get     'cache-control': 'max-age=60',
705 silly get     etag: '"49VHTZPNSGIIA5RNO5D5FFUT0"',
705 silly get     age: '55',
705 silly get     'x-served-by': 'cache-ord1734-ORD',
705 silly get     'x-cache': 'HIT',
705 silly get     'x-cache-hits': '2',
705 silly get     'x-timer': 'S1421443250.716792,VS0,VE0',
705 silly get     vary: 'Accept',
705 silly get     'content-length': '0' } ]
706 verbose etag https://registry.npmjs.org/strip-json-comments from cache
707 http 304 https://registry.npmjs.org/shelljs
708 silly get cb [ 304,
708 silly get   { date: 'Fri, 16 Jan 2015 21:20:50 GMT',
708 silly get     server: 'Apache',
708 silly get     via: '1.1 varnish, HTTPS/1.1 prodwsg04',
708 silly get     'last-modified': 'Fri, 16 Jan 2015 21:20:33 GMT',
708 silly get     'cache-control': 'max-age=60',
708 silly get     etag: '"3JK9I4B77VSRDIQTZN6AQN1A2"',
708 silly get     age: '57',
708 silly get     'x-served-by': 'cache-ord1732-ORD',
708 silly get     'x-cache': 'HIT',
708 silly get     'x-cache-hits': '2',
708 silly get     'x-timer': 'S1421443250.719904,VS0,VE0',
708 silly get     vary: 'Accept',
708 silly get     'content-length': '0' } ]
709 verbose etag https://registry.npmjs.org/shelljs from cache
710 silly mapToRegistry name archy
711 silly mapToRegistry using default registry
712 silly mapToRegistry registry https://registry.npmjs.org/
713 silly mapToRegistry uri https://registry.npmjs.org/archy
714 silly mapToRegistry name chalk
715 silly mapToRegistry using default registry
716 silly mapToRegistry registry https://registry.npmjs.org/
717 silly mapToRegistry uri https://registry.npmjs.org/chalk
718 silly mapToRegistry name deprecated
719 silly mapToRegistry using default registry
720 silly mapToRegistry registry https://registry.npmjs.org/
721 silly mapToRegistry uri https://registry.npmjs.org/deprecated
722 silly mapToRegistry name gulp-util
723 silly mapToRegistry using default registry
724 silly mapToRegistry registry https://registry.npmjs.org/
725 silly mapToRegistry uri https://registry.npmjs.org/gulp-util
726 silly mapToRegistry name interpret
727 silly mapToRegistry using default registry
728 silly mapToRegistry registry https://registry.npmjs.org/
729 silly mapToRegistry uri https://registry.npmjs.org/interpret
730 silly mapToRegistry name liftoff
731 silly mapToRegistry using default registry
732 silly mapToRegistry registry https://registry.npmjs.org/
733 silly mapToRegistry uri https://registry.npmjs.org/liftoff
734 silly mapToRegistry name minimist
735 silly mapToRegistry using default registry
736 silly mapToRegistry registry https://registry.npmjs.org/
737 silly mapToRegistry uri https://registry.npmjs.org/minimist
738 silly mapToRegistry name orchestrator
739 silly mapToRegistry using default registry
740 silly mapToRegistry registry https://registry.npmjs.org/
741 silly mapToRegistry uri https://registry.npmjs.org/orchestrator
742 silly mapToRegistry name pretty-hrtime
743 silly mapToRegistry using default registry
744 silly mapToRegistry registry https://registry.npmjs.org/
745 silly mapToRegistry uri https://registry.npmjs.org/pretty-hrtime
746 silly mapToRegistry name semver
747 silly mapToRegistry using default registry
748 silly mapToRegistry registry https://registry.npmjs.org/
749 silly mapToRegistry uri https://registry.npmjs.org/semver
750 silly mapToRegistry name tildify
751 silly mapToRegistry using default registry
752 silly mapToRegistry registry https://registry.npmjs.org/
753 silly mapToRegistry uri https://registry.npmjs.org/tildify
754 silly mapToRegistry name v8flags
755 silly mapToRegistry using default registry
756 silly mapToRegistry registry https://registry.npmjs.org/
757 silly mapToRegistry uri https://registry.npmjs.org/v8flags
758 silly mapToRegistry name vinyl-fs
759 silly mapToRegistry using default registry
760 silly mapToRegistry registry https://registry.npmjs.org/
761 silly mapToRegistry uri https://registry.npmjs.org/vinyl-fs
762 http 304 https://registry.npmjs.org/underscore
763 silly get cb [ 304,
763 silly get   { date: 'Fri, 16 Jan 2015 21:20:50 GMT',
763 silly get     server: 'Apache',
763 silly get     via: '1.1 varnish, HTTPS/1.1 prodwsg04',
763 silly get     'last-modified': 'Fri, 16 Jan 2015 21:20:50 GMT',
763 silly get     'cache-control': 'max-age=60',
763 silly get     etag: '"6K40E833X24Q9ZA0EV4N3OCSY"',
763 silly get     age: '10',
763 silly get     'x-served-by': 'cache-ord1732-ORD',
763 silly get     'x-cache': 'HIT',
763 silly get     'x-cache-hits': '1',
763 silly get     'x-timer': 'S1421443250.723393,VS0,VE0',
763 silly get     vary: 'Accept',
763 silly get     'content-length': '0' } ]
764 verbose etag https://registry.npmjs.org/underscore from cache
765 silly mapToRegistry name wiredep
766 silly mapToRegistry using default registry
767 silly mapToRegistry registry https://registry.npmjs.org/
768 silly mapToRegistry uri https://registry.npmjs.org/wiredep
769 silly mapToRegistry name yeoman-generator
770 silly mapToRegistry using default registry
771 silly mapToRegistry registry https://registry.npmjs.org/
772 silly mapToRegistry uri https://registry.npmjs.org/yeoman-generator
773 silly mapToRegistry name yosay
774 silly mapToRegistry using default registry
775 silly mapToRegistry registry https://registry.npmjs.org/
776 silly mapToRegistry uri https://registry.npmjs.org/yosay
777 silly mapToRegistry name chalk
778 silly mapToRegistry using default registry
779 silly mapToRegistry registry https://registry.npmjs.org/
780 silly mapToRegistry uri https://registry.npmjs.org/chalk
781 verbose request uri https://registry.npmjs.org/chalk
782 verbose request no auth needed
783 info attempt registry request try #1 at 15:20:50
784 verbose etag "7JJP15H7QCKFVSZ7EGL5D9VAW"
785 http request GET https://registry.npmjs.org/chalk
786 verbose request uri https://registry.npmjs.org/archy
787 verbose request no auth needed
788 info attempt registry request try #1 at 15:20:50
789 verbose etag "6BS4ZEDQ30EUQC2HEIYE8KZ9X"
790 http request GET https://registry.npmjs.org/archy
791 verbose request uri https://registry.npmjs.org/deprecated
792 verbose request no auth needed
793 info attempt registry request try #1 at 15:20:50
794 verbose etag "6IA23DBSRK29ORJ72QS8PYSMZ"
795 http request GET https://registry.npmjs.org/deprecated
796 verbose request uri https://registry.npmjs.org/interpret
797 verbose request no auth needed
798 info attempt registry request try #1 at 15:20:50
799 verbose etag "17HW6FNMYKJHUB7GN2HRZQDBV"
800 http request GET https://registry.npmjs.org/interpret
801 verbose request uri https://registry.npmjs.org/gulp-util
802 verbose request no auth needed
803 info attempt registry request try #1 at 15:20:50
804 verbose etag "3TJ6D8AWRHZRNQPMHAQ4DUHQN"
805 http request GET https://registry.npmjs.org/gulp-util
806 verbose request uri https://registry.npmjs.org/minimist
807 verbose request no auth needed
808 info attempt registry request try #1 at 15:20:50
809 verbose etag "DKL7LU64KJOXLQZHXR4OUMZYZ"
810 http request GET https://registry.npmjs.org/minimist
811 verbose request uri https://registry.npmjs.org/semver
812 verbose request no auth needed
813 info attempt registry request try #1 at 15:20:50
814 verbose etag "5XALXLZ0IH87P6SN00XR9QW1H"
815 http request GET https://registry.npmjs.org/semver
816 verbose request uri https://registry.npmjs.org/liftoff
817 verbose request no auth needed
818 info attempt registry request try #1 at 15:20:50
819 verbose etag "7B9NOTXYX2330KW5FTPUET4NE"
820 http request GET https://registry.npmjs.org/liftoff
821 verbose request uri https://registry.npmjs.org/tildify
822 verbose request no auth needed
823 info attempt registry request try #1 at 15:20:50
824 verbose etag "36A6NUMF5EV37QPAOL38P5HJ8"
825 http request GET https://registry.npmjs.org/tildify
826 verbose request uri https://registry.npmjs.org/pretty-hrtime
827 verbose request no auth needed
828 info attempt registry request try #1 at 15:20:50
829 verbose etag "7FTQUVLRTL7H4FVDR1GYU1TUK"
830 http request GET https://registry.npmjs.org/pretty-hrtime
831 verbose request uri https://registry.npmjs.org/v8flags
832 verbose request no auth needed
833 info attempt registry request try #1 at 15:20:50
834 verbose etag "5DSILV4YNUGMSH59AJFSUN7IG"
835 http request GET https://registry.npmjs.org/v8flags
836 verbose request uri https://registry.npmjs.org/orchestrator
837 verbose request no auth needed
838 info attempt registry request try #1 at 15:20:50
839 verbose etag "869OL0B1D5LKT7NZSLGPCF8DT"
840 http request GET https://registry.npmjs.org/orchestrator
841 verbose request uri https://registry.npmjs.org/vinyl-fs
842 verbose request no auth needed
843 info attempt registry request try #1 at 15:20:50
844 verbose etag "CL6S0W87BSCWSLKGOGW998ZPB"
845 http request GET https://registry.npmjs.org/vinyl-fs
846 silly mapToRegistry name update-notifier
847 silly mapToRegistry using default registry
848 silly mapToRegistry registry https://registry.npmjs.org/
849 silly mapToRegistry uri https://registry.npmjs.org/update-notifier
850 silly mapToRegistry name minimatch
851 silly mapToRegistry using default registry
852 silly mapToRegistry registry https://registry.npmjs.org/
853 silly mapToRegistry uri https://registry.npmjs.org/minimatch
854 silly mapToRegistry name ps-tree
855 silly mapToRegistry using default registry
856 silly mapToRegistry registry https://registry.npmjs.org/
857 silly mapToRegistry uri https://registry.npmjs.org/ps-tree
858 http 304 https://registry.npmjs.org/abbrev
859 silly get cb [ 304,
859 silly get   { date: 'Fri, 16 Jan 2015 21:20:50 GMT',
859 silly get     server: 'Apache',
859 silly get     via: '1.1 varnish, HTTPS/1.1 prodwsg04',
859 silly get     'last-modified': 'Fri, 16 Jan 2015 21:12:26 GMT',
859 silly get     'cache-control': 'max-age=60',
859 silly get     etag: '"C7UZYEDQEZ6TUB8TEJKII0UIR"',
859 silly get     age: '6',
859 silly get     'x-served-by': 'cache-ord1732-ORD',
859 silly get     'x-cache': 'HIT',
859 silly get     'x-cache-hits': '116',
859 silly get     'x-timer': 'S1421443250.789856,VS0,VE0',
859 silly get     vary: 'Accept',
859 silly get     'content-length': '0' } ]
860 verbose etag https://registry.npmjs.org/abbrev from cache
861 http 304 https://registry.npmjs.org/bower-config
862 silly get cb [ 304,
862 silly get   { date: 'Fri, 16 Jan 2015 21:20:50 GMT',
862 silly get     server: 'Apache',
862 silly get     via: '1.1 varnish, HTTPS/1.1 prodwsg04',
862 silly get     'last-modified': 'Fri, 16 Jan 2015 21:10:47 GMT',
862 silly get     'cache-control': 'max-age=60',
862 silly get     etag: '"46AFV5POAR9Y1EKDQBP5XVGK2"',
862 silly get     age: '34',
862 silly get     'x-served-by': 'cache-ord1734-ORD',
862 silly get     'x-cache': 'HIT',
862 silly get     'x-cache-hits': '43',
862 silly get     'x-timer': 'S1421443250.792524,VS0,VE0',
862 silly get     vary: 'Accept',
862 silly get     'content-length': '0' } ]
863 verbose etag https://registry.npmjs.org/bower-config from cache
864 http 304 https://registry.npmjs.org/bower-json
865 silly get cb [ 304,
865 silly get   { date: 'Fri, 16 Jan 2015 21:20:50 GMT',
865 silly get     server: 'Apache',
865 silly get     via: '1.1 varnish, HTTPS/1.1 prodwsg04',
865 silly get     'last-modified': 'Fri, 16 Jan 2015 21:20:50 GMT',
865 silly get     'cache-control': 'max-age=60',
865 silly get     etag: '"6DFKQA9ZLQI3LKRDBUQ3FHIET"',
865 silly get     age: '1',
865 silly get     'x-served-by': 'cache-ord1735-ORD',
865 silly get     'x-cache': 'HIT',
865 silly get     'x-cache-hits': '1',
865 silly get     'x-timer': 'S1421443250.789798,VS0,VE0',
865 silly get     vary: 'Accept',
865 silly get     'content-length': '0' } ]
866 verbose etag https://registry.npmjs.org/bower-json from cache
867 http 304 https://registry.npmjs.org/bower-endpoint-parser
868 silly get cb [ 304,
868 silly get   { date: 'Fri, 16 Jan 2015 21:20:50 GMT',
868 silly get     server: 'Apache',
868 silly get     via: '1.1 varnish, HTTPS/1.1 prodwsg04',
868 silly get     'last-modified': 'Fri, 16 Jan 2015 21:20:50 GMT',
868 silly get     'cache-control': 'max-age=60',
868 silly get     etag: '"B9EPO7E02DK5Z3BSFSOV868PN"',
868 silly get     age: '1',
868 silly get     'x-served-by': 'cache-ord1729-ORD',
868 silly get     'x-cache': 'HIT',
868 silly get     'x-cache-hits': '1',
868 silly get     'x-timer': 'S1421443250.799594,VS0,VE0',
868 silly get     vary: 'Accept',
868 silly get     'content-length': '0' } ]
869 verbose etag https://registry.npmjs.org/bower-endpoint-parser from cache
870 verbose request uri https://registry.npmjs.org/chalk
871 verbose request no auth needed
872 info attempt registry request try #1 at 15:20:50
873 verbose etag "7JJP15H7QCKFVSZ7EGL5D9VAW"
874 http request GET https://registry.npmjs.org/chalk
875 verbose request uri https://registry.npmjs.org/yosay
876 verbose request no auth needed
877 info attempt registry request try #1 at 15:20:50
878 verbose etag "BV837AW7FK8YW1KMBU4JFNUOQ"
879 http request GET https://registry.npmjs.org/yosay
880 verbose request uri https://registry.npmjs.org/yeoman-generator
881 verbose request no auth needed
882 info attempt registry request try #1 at 15:20:50
883 verbose etag "5HX792KBZ2BCDFWWEM29ML1XA"
884 http request GET https://registry.npmjs.org/yeoman-generator
885 verbose request uri https://registry.npmjs.org/wiredep
886 verbose request no auth needed
887 info attempt registry request try #1 at 15:20:50
888 verbose etag "2O23HFZF0ZG53B396NDWZ3EQT"
889 http request GET https://registry.npmjs.org/wiredep
890 silly mapToRegistry name date-now
891 silly mapToRegistry using default registry
892 silly mapToRegistry registry https://registry.npmjs.org/
893 silly mapToRegistry uri https://registry.npmjs.org/date-now
894 verbose get https://registry.npmjs.org/minimatch not expired, no request
895 verbose request uri https://registry.npmjs.org/update-notifier
896 verbose request no auth needed
897 info attempt registry request try #1 at 15:20:50
898 verbose etag "1MVYP10MVD5N1L8A6A1OPE9AO"
899 http request GET https://registry.npmjs.org/update-notifier
900 verbose request uri https://registry.npmjs.org/ps-tree
901 verbose request no auth needed
902 info attempt registry request try #1 at 15:20:50
903 verbose etag "RF7R9L1GHRL86DJ2AMA8Z7IE"
904 http request GET https://registry.npmjs.org/ps-tree
905 http 304 https://registry.npmjs.org/bower-logger
906 silly get cb [ 304,
906 silly get   { date: 'Fri, 16 Jan 2015 21:20:50 GMT',
906 silly get     server: 'Apache',
906 silly get     via: '1.1 varnish, HTTPS/1.1 prodwsg04',
906 silly get     'last-modified': 'Fri, 16 Jan 2015 21:20:50 GMT',
906 silly get     'cache-control': 'max-age=60',
906 silly get     etag: '"ANO95KI0DUOI977PBDUAK69QR"',
906 silly get     age: '3',
906 silly get     'x-served-by': 'cache-ord1732-ORD',
906 silly get     'x-cache': 'HIT',
906 silly get     'x-cache-hits': '1',
906 silly get     'x-timer': 'S1421443250.817877,VS0,VE0',
906 silly get     vary: 'Accept',
906 silly get     'content-length': '0' } ]
907 verbose etag https://registry.npmjs.org/bower-logger from cache
908 verbose request uri https://registry.npmjs.org/date-now
909 verbose request no auth needed
910 info attempt registry request try #1 at 15:20:50
911 verbose etag "8D7F13ANNB8JYC3KER9Z0W3BH"
912 http request GET https://registry.npmjs.org/date-now
913 silly mapToRegistry name domhandler
914 silly mapToRegistry using default registry
915 silly mapToRegistry registry https://registry.npmjs.org/
916 silly mapToRegistry uri https://registry.npmjs.org/domhandler
917 silly mapToRegistry name domutils
918 silly mapToRegistry using default registry
919 silly mapToRegistry registry https://registry.npmjs.org/
920 silly mapToRegistry uri https://registry.npmjs.org/domutils
921 silly mapToRegistry name domelementtype
922 silly mapToRegistry using default registry
923 silly mapToRegistry registry https://registry.npmjs.org/
924 silly mapToRegistry uri https://registry.npmjs.org/domelementtype
925 silly mapToRegistry name readable-stream
926 silly mapToRegistry using default registry
927 silly mapToRegistry registry https://registry.npmjs.org/
928 silly mapToRegistry uri https://registry.npmjs.org/readable-stream
929 silly mapToRegistry name entities
930 silly mapToRegistry using default registry
931 silly mapToRegistry registry https://registry.npmjs.org/
932 silly mapToRegistry uri https://registry.npmjs.org/entities
933 verbose request uri https://registry.npmjs.org/domelementtype
934 verbose request no auth needed
935 info attempt registry request try #1 at 15:20:50
936 verbose etag "465013WJM5DLAH3W1INOKO58L"
937 http request GET https://registry.npmjs.org/domelementtype
938 verbose request uri https://registry.npmjs.org/domutils
939 verbose request no auth needed
940 info attempt registry request try #1 at 15:20:50
941 verbose etag "CDZC7CARN25ZMHV2VMIAZRF8U"
942 http request GET https://registry.npmjs.org/domutils
943 verbose request uri https://registry.npmjs.org/domhandler
944 verbose request no auth needed
945 info attempt registry request try #1 at 15:20:50
946 verbose etag "A4Q4S7UJ1LN2B843X59IMLQ5Z"
947 http request GET https://registry.npmjs.org/domhandler
948 verbose request uri https://registry.npmjs.org/readable-stream
949 verbose request no auth needed
950 info attempt registry request try #1 at 15:20:50
951 verbose etag "4X3F0C303W9R4FD2KNNA0FHTQ"
952 http request GET https://registry.npmjs.org/readable-stream
953 verbose request uri https://registry.npmjs.org/entities
954 verbose request no auth needed
955 info attempt registry request try #1 at 15:20:50
956 verbose etag "2PQXQFPD4UF68KMXUYE10891V"
957 http request GET https://registry.npmjs.org/entities
958 http 304 https://registry.npmjs.org/bower-registry-client
959 silly get cb [ 304,
959 silly get   { date: 'Fri, 16 Jan 2015 21:20:50 GMT',
959 silly get     server: 'Apache',
959 silly get     via: '1.1 varnish, HTTPS/1.1 prodwsg04',
959 silly get     'last-modified': 'Fri, 16 Jan 2015 21:20:50 GMT',
959 silly get     'cache-control': 'max-age=60',
959 silly get     etag: '"9B63W4GFE7VZ5MXPXQ256UNFV"',
959 silly get     age: '3',
959 silly get     'x-served-by': 'cache-ord1729-ORD',
959 silly get     'x-cache': 'HIT',
959 silly get     'x-cache-hits': '1',
959 silly get     'x-timer': 'S1421443250.864592,VS0,VE0',
959 silly get     vary: 'Accept',
959 silly get     'content-length': '0' } ]
960 verbose etag https://registry.npmjs.org/bower-registry-client from cache
961 silly mapToRegistry name deep-extend
962 silly mapToRegistry using default registry
963 silly mapToRegistry registry https://registry.npmjs.org/
964 silly mapToRegistry uri https://registry.npmjs.org/deep-extend
965 silly mapToRegistry name graceful-fs
966 silly mapToRegistry using default registry
967 silly mapToRegistry registry https://registry.npmjs.org/
968 silly mapToRegistry uri https://registry.npmjs.org/graceful-fs
969 silly mapToRegistry name intersect
970 silly mapToRegistry using default registry
971 silly mapToRegistry registry https://registry.npmjs.org/
972 silly mapToRegistry uri https://registry.npmjs.org/intersect
973 http 304 https://registry.npmjs.org/cardinal
974 silly get cb [ 304,
974 silly get   { date: 'Fri, 16 Jan 2015 21:20:50 GMT',
974 silly get     server: 'Apache',
974 silly get     via: '1.1 varnish, HTTPS/1.1 prodwsg04',
974 silly get     'last-modified': 'Fri, 16 Jan 2015 21:20:50 GMT',
974 silly get     'cache-control': 'max-age=60',
974 silly get     etag: '"3XGAKCANGZG4FOQ5GFWQDX7IZ"',
974 silly get     age: '3',
974 silly get     'x-served-by': 'cache-ord1735-ORD',
974 silly get     'x-cache': 'HIT',
974 silly get     'x-cache-hits': '1',
974 silly get     'x-timer': 'S1421443250.863508,VS0,VE0',
974 silly get     vary: 'Accept',
974 silly get     'content-length': '0' } ]
975 verbose etag https://registry.npmjs.org/cardinal from cache
976 silly mapToRegistry name glob
977 silly mapToRegistry using default registry
978 silly mapToRegistry registry https://registry.npmjs.org/
979 silly mapToRegistry uri https://registry.npmjs.org/glob
980 silly mapToRegistry name exit
981 silly mapToRegistry using default registry
982 silly mapToRegistry registry https://registry.npmjs.org/
983 silly mapToRegistry uri https://registry.npmjs.org/exit
984 http 304 https://registry.npmjs.org/chalk
985 silly get cb [ 304,
985 silly get   { date: 'Fri, 16 Jan 2015 21:20:50 GMT',
985 silly get     server: 'Apache',
985 silly get     via: '1.1 varnish, HTTPS/1.1 prodwsg04',
985 silly get     'last-modified': 'Fri, 16 Jan 2015 21:20:08 GMT',
985 silly get     'cache-control': 'max-age=60',
985 silly get     etag: '"7JJP15H7QCKFVSZ7EGL5D9VAW"',
985 silly get     age: '50',
985 silly get     'x-served-by': 'cache-ord1732-ORD',
985 silly get     'x-cache': 'HIT',
985 silly get     'x-cache-hits': '2',
985 silly get     'x-timer': 'S1421443250.872677,VS0,VE0',
985 silly get     vary: 'Accept',
985 silly get     'content-length': '0' } ]
986 verbose etag https://registry.npmjs.org/chalk from cache
987 verbose request uri https://registry.npmjs.org/graceful-fs
988 verbose request no auth needed
989 info attempt registry request try #1 at 15:20:50
990 verbose etag "AUOYDO4LWNBMP5NB0WOJ0Q9S9"
991 http request GET https://registry.npmjs.org/graceful-fs
992 verbose request uri https://registry.npmjs.org/deep-extend
993 verbose request no auth needed
994 info attempt registry request try #1 at 15:20:50
995 verbose etag "11HXZMBYNPNUQN2YM48F4Y0VH"
996 http request GET https://registry.npmjs.org/deep-extend
997 verbose request uri https://registry.npmjs.org/intersect
998 verbose request no auth needed
999 info attempt registry request try #1 at 15:20:50
1000 verbose etag "DGNINX4C9P6MIOCTX3IBN8KCJ"
1001 http request GET https://registry.npmjs.org/intersect
1002 http 304 https://registry.npmjs.org/chmodr
1003 silly get cb [ 304,
1003 silly get   { date: 'Fri, 16 Jan 2015 21:20:50 GMT',
1003 silly get     server: 'Apache',
1003 silly get     via: '1.1 varnish, HTTPS/1.1 prodwsg04',
1003 silly get     'last-modified': 'Fri, 16 Jan 2015 21:20:50 GMT',
1003 silly get     'cache-control': 'max-age=60',
1003 silly get     etag: '"657LEKAIPUXE3VJUA2ZUZJ04N"',
1003 silly get     age: '3',
1003 silly get     'x-served-by': 'cache-ord1734-ORD',
1003 silly get     'x-cache': 'HIT',
1003 silly get     'x-cache-hits': '1',
1003 silly get     'x-timer': 'S1421443250.868926,VS0,VE0',
1003 silly get     vary: 'Accept',
1003 silly get     'content-length': '0' } ]
1004 verbose etag https://registry.npmjs.org/chmodr from cache
1005 verbose get https://registry.npmjs.org/exit not expired, no request
1006 verbose request uri https://registry.npmjs.org/glob
1007 verbose request no auth needed
1008 info attempt registry request try #1 at 15:20:50
1009 verbose etag "4QRO5E05QBWB9WI80PXBWNR9S"
1010 http request GET https://registry.npmjs.org/glob
1011 verbose type called_on_non_object
1012 verbose stack TypeError: Object.keys called on non-object
1012 verbose stack     at Function.keys (native)
1012 verbose stack     at unmarkExtraneous (/Users/mcbridem/.node/lib/node_modules/npm/node_modules/read-installed/read-installed.js:362:10)
1012 verbose stack     at /Users/mcbridem/.node/lib/node_modules/npm/node_modules/read-installed/read-installed.js:137:5
1012 verbose stack     at next (/Users/mcbridem/.node/lib/node_modules/npm/node_modules/read-installed/read-installed.js:185:14)
1012 verbose stack     at /Users/mcbridem/.node/lib/node_modules/npm/node_modules/read-installed/read-installed.js:169:14
1012 verbose stack     at Object.oncomplete (evalmachine.<anonymous>:108:15)
1013 verbose cwd /Users/mcbridem/.vim/colors
1014 error Darwin 14.0.0
1015 error argv "node" "/Users/mcbridem/.node/bin/npm" "update" "-g"
1016 error node v0.10.34
1017 error npm  v2.1.14
1018 error Object.keys called on non-object
1019 error If you need help, you may report this error at:
1019 error     <http://github.com/npm/npm/issues>
1020 verbose exit [ 1, true ]
